D:\COCOS2D-X\COCOS2D-2.1BETA3-X-2.1.0\COCOS2D-2.1BETA3-X-2.1.0\DEBUG.WIN32\JIGSAW.WIN32.EXE
D:\COCOS2D-X\COCOS2D-2.1BETA3-X-2.1.0\COCOS2D-2.1BETA3-X-2.1.0\DEBUG.WIN32\JIGSAW.WIN32.ILK
D:\COCOS2D-X\COCOS2D-2.1BETA3-X-2.1.0\COCOS2D-2.1BETA3-X-2.1.0\DEBUG.WIN32\JIGSAW.WIN32.PDB
D:\WORK\VS2010WORKSPACE\JIGSAW\PROJ.WIN32\DEBUG.WIN32\APPDELEGATE.OBJ
D:\WORK\VS2010WORKSPACE\JIGSAW\PROJ.WIN32\DEBUG.WIN32\BASELAYER.OBJ
D:\work\VS2010workspace\jigsaw\proj.win32\Debug.win32\cl.command.1.tlog
D:\work\VS2010workspace\jigsaw\proj.win32\Debug.win32\CL.read.1.tlog
D:\work\VS2010workspace\jigsaw\proj.win32\Debug.win32\CL.write.1.tlog
D:\WORK\VS2010WORKSPACE\JIGSAW\PROJ.WIN32\DEBUG.WIN32\HELLOWORLDSCENE.OBJ
D:\WORK\VS2010WORKSPACE\JIGSAW\PROJ.WIN32\DEBUG.WIN32\JIGSAW.RES
D:\WORK\VS2010WORKSPACE\JIGSAW\PROJ.WIN32\DEBUG.WIN32\JIGSAW.WIN32.EXE.EMBED.MANIFEST
D:\WORK\VS2010WORKSPACE\JIGSAW\PROJ.WIN32\DEBUG.WIN32\JIGSAW.WIN32.EXE.EMBED.MANIFEST.RES
D:\WORK\VS2010WORKSPACE\JIGSAW\PROJ.WIN32\DEBUG.WIN32\JIGSAW.WIN32.EXE.INTERMEDIATE.MANIFEST
D:\work\VS2010workspace\jigsaw\proj.win32\Debug.win32\jigsaw.win32_manifest.rc
D:\work\VS2010workspace\jigsaw\proj.win32\Debug.win32\link.3780.read.1.tlog
D:\work\VS2010workspace\jigsaw\proj.win32\Debug.win32\link.3780.write.1.tlog
D:\work\VS2010workspace\jigsaw\proj.win32\Debug.win32\link.3780-cvtres.read.1.tlog
D:\work\VS2010workspace\jigsaw\proj.win32\Debug.win32\link.3780-cvtres.write.1.tlog
D:\work\VS2010workspace\jigsaw\proj.win32\Debug.win32\link.4624.read.1.tlog
D:\work\VS2010workspace\jigsaw\proj.win32\Debug.win32\link.4624.write.1.tlog
D:\work\VS2010workspace\jigsaw\proj.win32\Debug.win32\link.4624-cvtres.read.1.tlog
D:\work\VS2010workspace\jigsaw\proj.win32\Debug.win32\link.4624-cvtres.write.1.tlog
D:\work\VS2010workspace\jigsaw\proj.win32\Debug.win32\link.4896.read.1.tlog
D:\work\VS2010workspace\jigsaw\proj.win32\Debug.win32\link.4896.write.1.tlog
D:\work\VS2010workspace\jigsaw\proj.win32\Debug.win32\link.4896-cvtres.read.1.tlog
D:\work\VS2010workspace\jigsaw\proj.win32\Debug.win32\link.4896-cvtres.write.1.tlog
D:\work\VS2010workspace\jigsaw\proj.win32\Debug.win32\link.5756.read.1.tlog
D:\work\VS2010workspace\jigsaw\proj.win32\Debug.win32\link.5756.write.1.tlog
D:\work\VS2010workspace\jigsaw\proj.win32\Debug.win32\link.5756-cvtres.read.1.tlog
D:\work\VS2010workspace\jigsaw\proj.win32\Debug.win32\link.5756-cvtres.write.1.tlog
D:\work\VS2010workspace\jigsaw\proj.win32\Debug.win32\link.command.1.tlog
D:\work\VS2010workspace\jigsaw\proj.win32\Debug.win32\link.read.1.tlog
D:\work\VS2010workspace\jigsaw\proj.win32\Debug.win32\link.write.1.tlog
D:\work\VS2010workspace\jigsaw\proj.win32\Debug.win32\link-cvtres.read.1.tlog
D:\work\VS2010workspace\jigsaw\proj.win32\Debug.win32\link-cvtres.write.1.tlog
D:\WORK\VS2010WORKSPACE\JIGSAW\PROJ.WIN32\DEBUG.WIN32\MAIN.OBJ
D:\WORK\VS2010WORKSPACE\JIGSAW\PROJ.WIN32\DEBUG.WIN32\MAINMENU.OBJ
D:\work\VS2010workspace\jigsaw\proj.win32\Debug.win32\mt.command.1.tlog
D:\work\VS2010workspace\jigsaw\proj.win32\Debug.win32\mt.read.1.tlog
D:\work\VS2010workspace\jigsaw\proj.win32\Debug.win32\mt.write.1.tlog
D:\WORK\VS2010WORKSPACE\JIGSAW\PROJ.WIN32\DEBUG.WIN32\MYSOUND.OBJ
D:\WORK\VS2010WORKSPACE\JIGSAW\PROJ.WIN32\DEBUG.WIN32\PIECEMANAGER.OBJ
D:\WORK\VS2010WORKSPACE\JIGSAW\PROJ.WIN32\DEBUG.WIN32\PIECES.OBJ
D:\WORK\VS2010WORKSPACE\JIGSAW\PROJ.WIN32\DEBUG.WIN32\PLAYLAYER.OBJ
D:\work\VS2010workspace\jigsaw\proj.win32\Debug.win32\rc.command.1.tlog
D:\work\VS2010workspace\jigsaw\proj.win32\Debug.win32\rc.read.1.tlog
D:\work\VS2010workspace\jigsaw\proj.win32\Debug.win32\rc.write.1.tlog
D:\WORK\VS2010WORKSPACE\JIGSAW\PROJ.WIN32\DEBUG.WIN32\SCENEMANAGER.OBJ
D:\WORK\VS2010WORKSPACE\JIGSAW\PROJ.WIN32\DEBUG.WIN32\STOPLAYER.OBJ
D:\work\VS2010workspace\jigsaw\proj.win32\Debug.win32\vc100.idb
D:\WORK\VS2010WORKSPACE\JIGSAW\PROJ.WIN32\DEBUG.WIN32\VC100.PDB
